<?xml version="1.0" encoding="UTF-8"?>
<!-- Generated by org.testng.reporters.JUnitReportReporter -->
<testsuite skipped="0" hostname="ip-172-31-23-119" name="restBDD.DeletRequestBDD" tests="1" failures="0" timestamp="04 Jun 2022 05:22:20 GMT" time="1.301" errors="0">
  <testcase name="test1" time="1.301" classname="restBDD.DeletRequestBDD"/>
</testsuite> <!-- restBDD.DeletRequestBDD -->
