<?xml version="1.0" encoding="UTF-8"?>
<!-- Generated by org.testng.reporters.JUnitReportReporter -->
<testsuite skipped="0" hostname="ip-172-31-23-119" name="restAPIXML.XMLTest" tests="2" failures="0" timestamp="04 Jun 2022 06:35:10 GMT" time="2.899" errors="0">
  <testcase name="test2" time="1.126" classname="restAPIXML.XMLTest"/>
  <testcase name="test1" time="1.773" classname="restAPIXML.XMLTest"/>
</testsuite> <!-- restAPIXML.XMLTest -->
