<?xml version="1.0" encoding="UTF-8"?>
<!-- Generated by org.testng.reporters.JUnitReportReporter -->
<testsuite skipped="0" hostname="ip-172-31-23-119" name="restAPI.DeleteRequest" tests="1" failures="0" timestamp="29 May 2022 04:07:44 GMT" time="1.420" errors="0">
  <testcase name="test1" time="1.420" classname="restAPI.DeleteRequest"/>
</testsuite> <!-- restAPI.DeleteRequest -->
