<?xml version="1.0" encoding="UTF-8"?>
<!-- Generated by org.testng.reporters.JUnitReportReporter -->
<testsuite skipped="0" hostname="ip-172-31-23-119" name="restBDD.GetRequestBDD" tests="3" failures="0" timestamp="04 Jun 2022 04:48:37 GMT" time="2.352" errors="0">
  <testcase name="test2" time="0.735" classname="restBDD.GetRequestBDD"/>
  <testcase name="test3" time="0.052" classname="restBDD.GetRequestBDD"/>
  <testcase name="test1" time="1.565" classname="restBDD.GetRequestBDD"/>
</testsuite> <!-- restBDD.GetRequestBDD -->
