<?xml version="1.0" encoding="UTF-8"?>
<!-- Generated by org.testng.reporters.JUnitReportReporter -->
<testsuite skipped="0" hostname="ip-172-31-23-119" name="github.EndToEndTest" tests="2" failures="0" timestamp="29 May 2022 07:21:31 GMT" time="2.650" errors="0">
  <testcase name="test1" time="1.511" classname="github.EndToEndTest"/>
  <testcase name="test2" time="1.139" classname="github.EndToEndTest"/>
</testsuite> <!-- github.EndToEndTest -->
