<?xml version="1.0" encoding="UTF-8"?>
<!-- Generated by org.testng.reporters.JUnitReportReporter -->
<testsuite skipped="0" hostname="ip-172-31-23-119" name="restAPI.GetRequestWithParams" tests="1" failures="0" timestamp="28 May 2022 05:51:23 GMT" time="1.628" errors="0">
  <testcase name="test1" time="1.628" classname="restAPI.GetRequestWithParams"/>
</testsuite> <!-- restAPI.GetRequestWithParams -->
