<?xml version="1.0" encoding="UTF-8"?>
<!-- Generated by org.testng.reporters.JUnitReportReporter -->
<testsuite skipped="0" hostname="ip-172-31-23-119" name="apichaining.EndtoEndTest" tests="1" failures="0" timestamp="29 May 2022 06:38:10 GMT" time="1.697" errors="0">
  <testcase name="test1" time="1.697" classname="apichaining.EndtoEndTest"/>
</testsuite> <!-- apichaining.EndtoEndTest -->
